<?xml version="1.0" encoding="UTF-8"?>
<!-- Generated by org.testng.reporters.JUnitXMLReporter -->
<testsuite ignored="0" hostname="IQZNGLLT012" failures="0" tests="5" name="Default test" time="0.053" errors="0" timestamp="2021-11-22T22:01:50 IST">
  <testcase classname="logintwice_package.Logintwice" name="@BeforeTest setup" time="-1.637598710117E9">
    <failure type="org.testng.TestNGException" message="
Parameter &amp;apos;browser&amp;apos; is required by BeforeTest on method setup but has not been marked @Optional or defined
in C:\Users\mary.d\AppData\Local\Temp\testng-eclipse-1364645579\testng-customsuite.xml">
      <![CDATA[org.testng.TestNGException: 
Parameter 'browser' is required by BeforeTest on method setup but has not been marked @Optional or defined
in C:\Users\mary.d\AppData\Local\Temp\testng-eclipse-1364645579\testng-customsuite.xml
at org.testng.internal.Parameters.createParams(Parameters.java:270)
at org.testng.internal.Parameters.createParametersForMethod(Parameters.java:358)
at org.testng.internal.Parameters.createParameters(Parameters.java:700)
at org.testng.internal.Parameters.createConfigurationParameters(Parameters.java:168)
at org.testng.internal.ConfigInvoker.invokeConfigurations(ConfigInvoker.java:302)
at org.testng.TestRunner.invokeTestConfigurations(TestRunner.java:637)
at org.testng.TestRunner.beforeRun(TestRunner.java:627)
at org.testng.TestRunner.run(TestRunner.java:589)
at org.testng.SuiteRunner.runTest(SuiteRunner.java:377)
at org.testng.SuiteRunner.runSequentially(SuiteRunner.java:371)
at org.testng.SuiteRunner.privateRun(SuiteRunner.java:332)
at org.testng.SuiteRunner.run(SuiteRunner.java:276)
at org.testng.SuiteRunnerWorker.runSuite(SuiteRunnerWorker.java:53)
at org.testng.SuiteRunnerWorker.run(SuiteRunnerWorker.java:96)
at org.testng.TestNG.runSuitesSequentially(TestNG.java:1212)
at org.testng.TestNG.runSuitesLocally(TestNG.java:1134)
at org.testng.TestNG.runSuites(TestNG.java:1063)
at org.testng.TestNG.run(TestNG.java:1031)
at org.testng.remote.AbstractRemoteTestNG.run(AbstractRemoteTestNG.java:115)
at org.testng.remote.RemoteTestNG.initAndRun(RemoteTestNG.java:251)
at org.testng.remote.RemoteTestNG.main(RemoteTestNG.java:77)
]]>
    </failure>
  </testcase> <!-- @BeforeTest setup -->
  <testcase classname="logintwice_package.Logintwice" name="@AfterTest finish" time="-1.637598710166E9">
    <skipped/>
  </testcase> <!-- @AfterTest finish -->
  <testcase classname="logintwice_package.Logintwice" name="launch_app" time="0.0">
    <skipped/>
  </testcase> <!-- launch_app -->
  <testcase classname="logintwice_package.Logintwice" name="enter_username" time="0.0">
    <skipped/>
  </testcase> <!-- enter_username -->
  <testcase classname="logintwice_package.Logintwice" name="enter_password" time="0.0">
    <skipped/>
  </testcase> <!-- enter_password -->
  <testcase classname="logintwice_package.Logintwice" name="click_login" time="0.0">
    <skipped/>
  </testcase> <!-- click_login -->
  <testcase classname="logintwice_package.Logintwice" name="get_title" time="0.0">
    <skipped/>
  </testcase> <!-- get_title -->
</testsuite> <!-- Default test -->
